<?xml version="1.0" encoding="UTF-8"?>
<!-- Generated by org.testng.reporters.JUnitReportReporter -->
<testsuite hostname="Personal" failures="0" tests="2" name="tests.SecondTest" time="9.992" errors="0" timestamp="08 Oct 2018 18:18:33 GMT" skipped="0">
  <testcase classname="tests.SecondTest" name="GOOGLE1" time="5.524"/>
  <testcase classname="tests.SecondTest" name="YANDEX" time="4.468"/>
</testsuite> <!-- tests.SecondTest -->
