<?xml version="1.0" encoding="UTF-8"?>
<!-- Generated by org.testng.reporters.JUnitReportReporter -->
<testsuite hostname="Personal" failures="0" tests="4" name="tests.FirstTest" time="10.502" errors="0" timestamp="08 Oct 2018 18:18:33 GMT" skipped="0">
  <testcase classname="tests.FirstTest" name="GOOGLE2" time="0.680"/>
  <testcase classname="tests.FirstTest" name="GOOGLE0" time="8.538"/>
  <testcase classname="tests.FirstTest" name="GOOGLE4" time="0.665"/>
  <testcase classname="tests.FirstTest" name="GOOGLE3" time="0.619"/>
</testsuite> <!-- tests.FirstTest -->
